[0.107s] DEBUG:colcon:Command line arguments: ['/usr/bin/colcon', 'list', '-p', '--base-paths', '/home/shaharhalevi/ros2_workspaces/merpy_ws']
[0.107s] DEBUG:colcon:Parsed command line arguments: Namespace(log_base=None, log_level=None, verb_name='list', build_base='build', ignore_user_meta=False, metas=['./colcon.meta'], base_paths=['/home/shaharhalevi/ros2_workspaces/merpy_ws'], packages_ignore=None, packages_ignore_regex=None, paths=None, packages_up_to=None, packages_up_to_regex=None, packages_above=None, packages_above_and_dependencies=None, packages_above_depth=None, packages_select_by_dep=None, packages_skip_by_dep=None, packages_skip_up_to=None, packages_select_build_failed=False, packages_skip_build_finished=False, packages_select_test_failures=False, packages_skip_test_passed=False, packages_select=None, packages_skip=None, packages_select_regex=None, packages_skip_regex=None, packages_start=None, packages_end=None, allow_overriding=[], topological_order=False, names_only=False, paths_only=True, topological_graph=False, topological_graph_dot=False, topological_graph_density=False, topological_graph_legend=False, topological_graph_dot_cluster=False, topological_graph_dot_include_skipped=False, mixin_files=None, mixin=None, verb_parser=<colcon_mixin.mixin.mixin_argument.MixinArgumentDecorator object at 0x71aaea7e06e0>, verb_extension=<colcon_package_information.verb.list.ListVerb object at 0x71aaea7bf8c0>, main=<bound method ListVerb.main of <colcon_package_information.verb.list.ListVerb object at 0x71aaea7bf8c0>>, mixin_verb=('list',))
[0.135s] Level 1:colcon.colcon_core.package_discovery:discover_packages(colcon_meta) check parameters
[0.135s] Level 1:colcon.colcon_core.package_discovery:discover_packages(recursive) check parameters
[0.135s] Level 1:colcon.colcon_core.package_discovery:discover_packages(ignore) check parameters
[0.135s] Level 1:colcon.colcon_core.package_discovery:discover_packages(path) check parameters
[0.135s] Level 1:colcon.colcon_core.package_discovery:discover_packages(recursive) discover
[0.135s] INFO:colcon.colcon_core.package_discovery:Crawling recursively for packages in '/home/shaharhalevi/ros2_workspaces/merpy_ws'
[0.135s] Level 1:colcon.colcon_core.package_identification:_identify(/home/shaharhalevi/ros2_workspaces/merpy_ws) by extensions ['ignore', 'ignore_ament_install']
[0.135s] Level 1:colcon.colcon_core.package_identification:_identify(/home/shaharhalevi/ros2_workspaces/merpy_ws) by extension 'ignore'
[0.135s] Level 1:colcon.colcon_core.package_identification:_identify(/home/shaharhalevi/ros2_workspaces/merpy_ws) by extension 'ignore_ament_install'
[0.135s] Level 1:colcon.colcon_core.package_identification:_identify(/home/shaharhalevi/ros2_workspaces/merpy_ws) by extensions ['colcon_pkg']
[0.135s] Level 1:colcon.colcon_core.package_identification:_identify(/home/shaharhalevi/ros2_workspaces/merpy_ws) by extension 'colcon_pkg'
[0.135s] Level 1:colcon.colcon_core.package_identification:_identify(/home/shaharhalevi/ros2_workspaces/merpy_ws) by extensions ['colcon_meta']
[0.135s] Level 1:colcon.colcon_core.package_identification:_identify(/home/shaharhalevi/ros2_workspaces/merpy_ws) by extension 'colcon_meta'
[0.135s] Level 1:colcon.colcon_core.package_identification:_identify(/home/shaharhalevi/ros2_workspaces/merpy_ws) by extensions ['ros']
[0.135s] Level 1:colcon.colcon_core.package_identification:_identify(/home/shaharhalevi/ros2_workspaces/merpy_ws) by extension 'ros'
[0.158s] Level 1:colcon.colcon_core.package_identification:_identify(/home/shaharhalevi/ros2_workspaces/merpy_ws) by extensions ['cmake', 'python']
[0.158s] Level 1:colcon.colcon_core.package_identification:_identify(/home/shaharhalevi/ros2_workspaces/merpy_ws) by extension 'cmake'
[0.158s] Level 1:colcon.colcon_core.package_identification:_identify(/home/shaharhalevi/ros2_workspaces/merpy_ws) by extension 'python'
[0.158s] Level 1:colcon.colcon_core.package_identification:_identify(/home/shaharhalevi/ros2_workspaces/merpy_ws) by extensions ['python_setup_py']
[0.158s] Level 1:colcon.colcon_core.package_identification:_identify(/home/shaharhalevi/ros2_workspaces/merpy_ws) by extension 'python_setup_py'
[0.158s] Level 1:colcon.colcon_core.package_identification:_identify(/home/shaharhalevi/ros2_workspaces/merpy_ws/build) by extensions ['ignore', 'ignore_ament_install']
[0.158s] Level 1:colcon.colcon_core.package_identification:_identify(/home/shaharhalevi/ros2_workspaces/merpy_ws/build) by extension 'ignore'
[0.158s] Level 1:colcon.colcon_core.package_identification:_identify(/home/shaharhalevi/ros2_workspaces/merpy_ws/build) ignored
[0.158s] Level 1:colcon.colcon_core.package_identification:_identify(/home/shaharhalevi/ros2_workspaces/merpy_ws/docker) by extensions ['ignore', 'ignore_ament_install']
[0.159s] Level 1:colcon.colcon_core.package_identification:_identify(/home/shaharhalevi/ros2_workspaces/merpy_ws/docker) by extension 'ignore'
[0.159s] Level 1:colcon.colcon_core.package_identification:_identify(/home/shaharhalevi/ros2_workspaces/merpy_ws/docker) by extension 'ignore_ament_install'
[0.159s] Level 1:colcon.colcon_core.package_identification:_identify(/home/shaharhalevi/ros2_workspaces/merpy_ws/docker) by extensions ['colcon_pkg']
[0.159s] Level 1:colcon.colcon_core.package_identification:_identify(/home/shaharhalevi/ros2_workspaces/merpy_ws/docker) by extension 'colcon_pkg'
[0.159s] Level 1:colcon.colcon_core.package_identification:_identify(/home/shaharhalevi/ros2_workspaces/merpy_ws/docker) by extensions ['colcon_meta']
[0.159s] Level 1:colcon.colcon_core.package_identification:_identify(/home/shaharhalevi/ros2_workspaces/merpy_ws/docker) by extension 'colcon_meta'
[0.159s] Level 1:colcon.colcon_core.package_identification:_identify(/home/shaharhalevi/ros2_workspaces/merpy_ws/docker) by extensions ['ros']
[0.159s] Level 1:colcon.colcon_core.package_identification:_identify(/home/shaharhalevi/ros2_workspaces/merpy_ws/docker) by extension 'ros'
[0.159s] Level 1:colcon.colcon_core.package_identification:_identify(/home/shaharhalevi/ros2_workspaces/merpy_ws/docker) by extensions ['cmake', 'python']
[0.159s] Level 1:colcon.colcon_core.package_identification:_identify(/home/shaharhalevi/ros2_workspaces/merpy_ws/docker) by extension 'cmake'
[0.159s] Level 1:colcon.colcon_core.package_identification:_identify(/home/shaharhalevi/ros2_workspaces/merpy_ws/docker) by extension 'python'
[0.159s] Level 1:colcon.colcon_core.package_identification:_identify(/home/shaharhalevi/ros2_workspaces/merpy_ws/docker) by extensions ['python_setup_py']
[0.159s] Level 1:colcon.colcon_core.package_identification:_identify(/home/shaharhalevi/ros2_workspaces/merpy_ws/docker) by extension 'python_setup_py'
[0.159s] Level 1:colcon.colcon_core.package_identification:_identify(/home/shaharhalevi/ros2_workspaces/merpy_ws/install) by extensions ['ignore', 'ignore_ament_install']
[0.159s] Level 1:colcon.colcon_core.package_identification:_identify(/home/shaharhalevi/ros2_workspaces/merpy_ws/install) by extension 'ignore'
[0.159s] Level 1:colcon.colcon_core.package_identification:_identify(/home/shaharhalevi/ros2_workspaces/merpy_ws/install) ignored
[0.159s] Level 1:colcon.colcon_core.package_identification:_identify(/home/shaharhalevi/ros2_workspaces/merpy_ws/log) by extensions ['ignore', 'ignore_ament_install']
[0.159s] Level 1:colcon.colcon_core.package_identification:_identify(/home/shaharhalevi/ros2_workspaces/merpy_ws/log) by extension 'ignore'
[0.159s] Level 1:colcon.colcon_core.package_identification:_identify(/home/shaharhalevi/ros2_workspaces/merpy_ws/log) ignored
[0.159s] Level 1:colcon.colcon_core.package_identification:_identify(/home/shaharhalevi/ros2_workspaces/merpy_ws/src) by extensions ['ignore', 'ignore_ament_install']
[0.159s] Level 1:colcon.colcon_core.package_identification:_identify(/home/shaharhalevi/ros2_workspaces/merpy_ws/src) by extension 'ignore'
[0.159s] Level 1:colcon.colcon_core.package_identification:_identify(/home/shaharhalevi/ros2_workspaces/merpy_ws/src) by extension 'ignore_ament_install'
[0.159s] Level 1:colcon.colcon_core.package_identification:_identify(/home/shaharhalevi/ros2_workspaces/merpy_ws/src) by extensions ['colcon_pkg']
[0.159s] Level 1:colcon.colcon_core.package_identification:_identify(/home/shaharhalevi/ros2_workspaces/merpy_ws/src) by extension 'colcon_pkg'
[0.159s] Level 1:colcon.colcon_core.package_identification:_identify(/home/shaharhalevi/ros2_workspaces/merpy_ws/src) by extensions ['colcon_meta']
[0.159s] Level 1:colcon.colcon_core.package_identification:_identify(/home/shaharhalevi/ros2_workspaces/merpy_ws/src) by extension 'colcon_meta'
[0.159s] Level 1:colcon.colcon_core.package_identification:_identify(/home/shaharhalevi/ros2_workspaces/merpy_ws/src) by extensions ['ros']
[0.159s] Level 1:colcon.colcon_core.package_identification:_identify(/home/shaharhalevi/ros2_workspaces/merpy_ws/src) by extension 'ros'
[0.159s] Level 1:colcon.colcon_core.package_identification:_identify(/home/shaharhalevi/ros2_workspaces/merpy_ws/src) by extensions ['cmake', 'python']
[0.159s] Level 1:colcon.colcon_core.package_identification:_identify(/home/shaharhalevi/ros2_workspaces/merpy_ws/src) by extension 'cmake'
[0.159s] Level 1:colcon.colcon_core.package_identification:_identify(/home/shaharhalevi/ros2_workspaces/merpy_ws/src) by extension 'python'
[0.160s] Level 1:colcon.colcon_core.package_identification:_identify(/home/shaharhalevi/ros2_workspaces/merpy_ws/src) by extensions ['python_setup_py']
[0.160s] Level 1:colcon.colcon_core.package_identification:_identify(/home/shaharhalevi/ros2_workspaces/merpy_ws/src) by extension 'python_setup_py'
[0.160s] Level 1:colcon.colcon_core.package_identification:_identify(/home/shaharhalevi/ros2_workspaces/merpy_ws/src/teleop_control_node) by extensions ['ignore', 'ignore_ament_install']
[0.160s] Level 1:colcon.colcon_core.package_identification:_identify(/home/shaharhalevi/ros2_workspaces/merpy_ws/src/teleop_control_node) by extension 'ignore'
[0.160s] Level 1:colcon.colcon_core.package_identification:_identify(/home/shaharhalevi/ros2_workspaces/merpy_ws/src/teleop_control_node) by extension 'ignore_ament_install'
[0.160s] Level 1:colcon.colcon_core.package_identification:_identify(/home/shaharhalevi/ros2_workspaces/merpy_ws/src/teleop_control_node) by extensions ['colcon_pkg']
[0.160s] Level 1:colcon.colcon_core.package_identification:_identify(/home/shaharhalevi/ros2_workspaces/merpy_ws/src/teleop_control_node) by extension 'colcon_pkg'
[0.160s] Level 1:colcon.colcon_core.package_identification:_identify(/home/shaharhalevi/ros2_workspaces/merpy_ws/src/teleop_control_node) by extensions ['colcon_meta']
[0.160s] Level 1:colcon.colcon_core.package_identification:_identify(/home/shaharhalevi/ros2_workspaces/merpy_ws/src/teleop_control_node) by extension 'colcon_meta'
[0.160s] Level 1:colcon.colcon_core.package_identification:_identify(/home/shaharhalevi/ros2_workspaces/merpy_ws/src/teleop_control_node) by extensions ['ros']
[0.160s] Level 1:colcon.colcon_core.package_identification:_identify(/home/shaharhalevi/ros2_workspaces/merpy_ws/src/teleop_control_node) by extension 'ros'
[0.163s] DEBUG:colcon.colcon_core.package_identification:Package '/home/shaharhalevi/ros2_workspaces/merpy_ws/src/teleop_control_node' with type 'ros.ament_python' and name 'teleop_control_node'
[0.163s] Level 1:colcon.colcon_core.package_discovery:discover_packages(recursive) using defaults
